2026-05-12T14:31:15.001412Z  INFO tailwindcss_oxide::scanner: Provided sources:
2026-05-12T14:31:15.001558Z  INFO tailwindcss_oxide::scanner: Source: PublicSourceEntry { base: "C:\\Users\\fifim\\foundation-ocr", pattern: "**/*", negated: false }
2026-05-12T14:31:15.001885Z  INFO tailwindcss_oxide::scanner: Optimized sources:
2026-05-12T14:31:15.001924Z  INFO tailwindcss_oxide::scanner: Source: Auto { base: "C:\\Users\\fifim\\foundation-ocr" }
2026-05-12T14:31:15.003568Z  INFO discover_sources: tailwindcss_oxide::scanner: enter
2026-05-12T14:31:15.003597Z  INFO discover_sources:walk_synchronous: tailwindcss_oxide::scanner: enter
2026-05-12T14:31:15.015105Z  INFO discover_sources:walk_synchronous: tailwindcss_oxide::scanner: exit
2026-05-12T14:31:15.015637Z  INFO tailwindcss_oxide::scanner: Reading "C:\\Users\\fifim\\foundation-ocr\\components\\ui\\textarea.tsx"
2026-05-12T14:31:15.015643Z  INFO tailwindcss_oxide::scanner: Reading "C:\\Users\\fifim\\foundation-ocr\\app\\actions\\projects.ts"
2026-05-12T14:31:15.015653Z  INFO tailwindcss_oxide::scanner: Reading "C:\\Users\\fifim\\foundation-ocr\\app\\(main)\\contractors\\new\\page.tsx"
2026-05-12T14:31:15.015652Z  INFO tailwindcss_oxide::scanner: Reading "C:\\Users\\fifim\\foundation-ocr\\lib\\validations.ts"
2026-05-12T14:31:15.015722Z  INFO tailwindcss_oxide::scanner: Reading "C:\\Users\\fifim\\foundation-ocr\\app\\(main)\\documents\\[id]\\verify\\page.tsx"
2026-05-12T14:31:15.015764Z  INFO tailwindcss_oxide::scanner: Reading "C:\\Users\\fifim\\foundation-ocr\\lib\\csv.ts"
2026-05-12T14:31:15.015777Z  INFO tailwindcss_oxide::scanner: Reading "C:\\Users\\fifim\\foundation-ocr\\app\\api\\auth\\[...all]\\route.ts"
2026-05-12T14:31:15.015783Z  INFO tailwindcss_oxide::scanner: Reading "C:\\Users\\fifim\\foundation-ocr\\components.json"
2026-05-12T14:31:15.015822Z  INFO tailwindcss_oxide::scanner: Reading "C:\\Users\\fifim\\foundation-ocr\\app\\(main)\\contractors\\page.tsx"
2026-05-12T14:31:15.015826Z  INFO tailwindcss_oxide::scanner: Reading "C:\\Users\\fifim\\foundation-ocr\\next.config.ts"
2026-05-12T14:31:15.015836Z  INFO tailwindcss_oxide::scanner: Reading "C:\\Users\\fifim\\foundation-ocr\\proxy.ts"
2026-05-12T14:31:15.015878Z  INFO tailwindcss_oxide::scanner: Reading "C:\\Users\\fifim\\foundation-ocr\\app\\(main)\\layout.tsx"
2026-05-12T14:31:15.015892Z  INFO tailwindcss_oxide::scanner: Reading "C:\\Users\\fifim\\foundation-ocr\\lib\\document-history.ts"
2026-05-12T14:31:15.015924Z  INFO tailwindcss_oxide::scanner: Reading "C:\\Users\\fifim\\foundation-ocr\\app\\api\\documents\\export\\route.ts"
2026-05-12T14:31:15.015932Z  INFO tailwindcss_oxide::scanner: Reading "C:\\Users\\fifim\\foundation-ocr\\lib\\auth-client.ts"
2026-05-12T14:31:15.015925Z  INFO tailwindcss_oxide::scanner: Reading "C:\\Users\\fifim\\foundation-ocr\\eslint.config.mjs"
2026-05-12T14:31:15.015978Z  INFO tailwindcss_oxide::scanner: Reading "C:\\Users\\fifim\\foundation-ocr\\app\\(main)\\contractors\\[id]\\page.tsx"
2026-05-12T14:31:15.015979Z  INFO tailwindcss_oxide::scanner: Reading "C:\\Users\\fifim\\foundation-ocr\\app\\(main)\\projects\\page.tsx"
2026-05-12T14:31:15.016011Z  INFO tailwindcss_oxide::scanner: Reading "C:\\Users\\fifim\\foundation-ocr\\public\\file.svg"
2026-05-12T14:31:15.016041Z  INFO tailwindcss_oxide::scanner: Reading "C:\\Users\\fifim\\foundation-ocr\\lib\\ocr.ts"
2026-05-12T14:31:15.016007Z  INFO tailwindcss_oxide::scanner: Reading "C:\\Users\\fifim\\foundation-ocr\\package.json"
2026-05-12T14:31:15.016070Z  INFO tailwindcss_oxide::scanner: Reading "C:\\Users\\fifim\\foundation-ocr\\app\\(main)\\projects\\new\\page.tsx"
2026-05-12T14:31:15.016033Z  INFO tailwindcss_oxide::scanner: Reading "C:\\Users\\fifim\\foundation-ocr\\components\\app-sidebar.tsx"
2026-05-12T14:31:15.016091Z  INFO tailwindcss_oxide::scanner: Reading "C:\\Users\\fifim\\foundation-ocr\\lib\\auth-server.ts"
2026-05-12T14:31:15.016056Z  INFO tailwindcss_oxide::scanner: Reading "C:\\Users\\fifim\\foundation-ocr\\app\\api\\files\\[...path]\\route.ts"
2026-05-12T14:31:15.016112Z  INFO tailwindcss_oxide::scanner: Reading "C:\\Users\\fifim\\foundation-ocr\\app\\actions\\contractors.ts"
2026-05-12T14:31:15.016175Z  INFO tailwindcss_oxide::scanner: Reading "C:\\Users\\fifim\\foundation-ocr\\postcss.config.mjs"
2026-05-12T14:31:15.016182Z  INFO tailwindcss_oxide::scanner: Reading "C:\\Users\\fifim\\foundation-ocr\\public\\vercel.svg"
2026-05-12T14:31:15.016122Z  INFO tailwindcss_oxide::scanner: Reading "C:\\Users\\fifim\\foundation-ocr\\app\\(main)\\projects\\[id]\\page.tsx"
2026-05-12T14:31:15.016209Z  INFO tailwindcss_oxide::scanner: Reading "C:\\Users\\fifim\\foundation-ocr\\components\\ui\\card.tsx"
2026-05-12T14:31:15.016220Z  INFO tailwindcss_oxide::scanner: Reading "C:\\Users\\fifim\\foundation-ocr\\README.md"
2026-05-12T14:31:15.016157Z  INFO tailwindcss_oxide::scanner: Reading "C:\\Users\\fifim\\foundation-ocr\\public\\globe.svg"
2026-05-12T14:31:15.016252Z  INFO tailwindcss_oxide::scanner: Reading "C:\\Users\\fifim\\foundation-ocr\\app\\layout.tsx"
2026-05-12T14:31:15.016120Z  INFO tailwindcss_oxide::scanner: Reading "C:\\Users\\fifim\\foundation-ocr\\lib\\auth.ts"
2026-05-12T14:31:15.016207Z  INFO tailwindcss_oxide::scanner: Reading "C:\\Users\\fifim\\foundation-ocr\\lib\\constants.ts"
2026-05-12T14:31:15.016308Z  INFO tailwindcss_oxide::scanner: Reading "C:\\Users\\fifim\\foundation-ocr\\app\\actions\\documents.ts"
2026-05-12T14:31:15.016210Z  INFO tailwindcss_oxide::scanner: Reading "C:\\Users\\fifim\\foundation-ocr\\components\\ui\\badge.tsx"
2026-05-12T14:31:15.016327Z  INFO tailwindcss_oxide::scanner: Reading "C:\\Users\\fifim\\foundation-ocr\\prisma\\schema.prisma"
2026-05-12T14:31:15.016133Z  INFO tailwindcss_oxide::scanner: Reading "C:\\Users\\fifim\\foundation-ocr\\lib\\parse-invoice.ts"
2026-05-12T14:31:15.016365Z  INFO tailwindcss_oxide::scanner: Reading "C:\\Users\\fifim\\foundation-ocr\\app\\login\\page.tsx"
2026-05-12T14:31:15.016380Z  INFO tailwindcss_oxide::scanner: Reading "C:\\Users\\fifim\\foundation-ocr\\public\\next.svg"
2026-05-12T14:31:15.016330Z  INFO tailwindcss_oxide::scanner: Reading "C:\\Users\\fifim\\foundation-ocr\\components\\ui\\input.tsx"
2026-05-12T14:31:15.016315Z  INFO tailwindcss_oxide::scanner: Reading "C:\\Users\\fifim\\foundation-ocr\\public\\window.svg"
2026-05-12T14:31:15.016449Z  INFO tailwindcss_oxide::scanner: Reading "C:\\Users\\fifim\\foundation-ocr\\app\\(main)\\documents\\new\\page.tsx"
2026-05-12T14:31:15.016449Z  INFO tailwindcss_oxide::scanner: Reading "C:\\Users\\fifim\\foundation-ocr\\lib\\uploads.ts"
2026-05-12T14:31:15.016417Z  INFO tailwindcss_oxide::scanner: Reading "C:\\Users\\fifim\\foundation-ocr\\components\\ui\\label.tsx"
2026-05-12T14:31:15.016371Z  INFO tailwindcss_oxide::scanner: Reading "C:\\Users\\fifim\\foundation-ocr\\tsconfig.json"
2026-05-12T14:31:15.016467Z  INFO tailwindcss_oxide::scanner: Reading "C:\\Users\\fifim\\foundation-ocr\\app\\(main)\\documents\\page.tsx"
2026-05-12T14:31:15.016508Z  INFO tailwindcss_oxide::scanner: Reading "C:\\Users\\fifim\\foundation-ocr\\components\\ui\\table.tsx"
2026-05-12T14:31:15.016088Z  INFO tailwindcss_oxide::scanner: Reading "C:\\Users\\fifim\\foundation-ocr\\app\\(main)\\dashboard\\page.tsx"
2026-05-12T14:31:15.016330Z  INFO tailwindcss_oxide::scanner: Reading "C:\\Users\\fifim\\foundation-ocr\\prisma\\seed.ts"
2026-05-12T14:31:15.016382Z  INFO tailwindcss_oxide::scanner: Reading "C:\\Users\\fifim\\foundation-ocr\\prisma.config.ts"
2026-05-12T14:31:15.016558Z  INFO tailwindcss_oxide::scanner: Reading "C:\\Users\\fifim\\foundation-ocr\\app\\(main)\\documents\\[id]\\page.tsx"
2026-05-12T14:31:15.016483Z  INFO tailwindcss_oxide::scanner: Reading "C:\\Users\\fifim\\foundation-ocr\\lib\\utils.ts"
2026-05-12T14:31:15.016498Z  INFO tailwindcss_oxide::scanner: Reading "C:\\Users\\fifim\\foundation-ocr\\lib\\prisma.ts"
2026-05-12T14:31:15.016499Z  INFO tailwindcss_oxide::scanner: Reading "C:\\Users\\fifim\\foundation-ocr\\app\\page.tsx"
2026-05-12T14:31:15.016418Z  INFO tailwindcss_oxide::scanner: Reading "C:\\Users\\fifim\\foundation-ocr\\components\\ui\\button.tsx"
2026-05-12T14:31:15.016662Z  INFO discover_sources: tailwindcss_oxide::scanner: exit
2026-05-12T14:31:15.016700Z  INFO extract_candidates: tailwindcss_oxide::scanner: enter
2026-05-12T14:31:15.016708Z  INFO extract_candidates:parse_all_blobs: tailwindcss_oxide::scanner: enter
2026-05-12T14:31:15.016714Z  INFO extract_candidates:parse_all_blobs:extract: tailwindcss_oxide::scanner: enter
2026-05-12T14:31:15.017374Z  INFO extract_candidates:parse_all_blobs:extract: tailwindcss_oxide::scanner: exit
2026-05-12T14:31:15.017391Z  INFO extract_candidates:parse_all_blobs: tailwindcss_oxide::scanner: exit
2026-05-12T14:31:15.017400Z  INFO extract_candidates:read_all_files: tailwindcss_oxide::scanner: enter
2026-05-12T14:31:15.017404Z  INFO extract_candidates:read_all_files: tailwindcss_oxide::scanner: Reading 1 file(s)
2026-05-12T14:31:15.017496Z  INFO extract_candidates:read_all_files: tailwindcss_oxide::scanner: Reading "C:\\Users\\fifim\\foundation-ocr\\app\\globals.css"
2026-05-12T14:31:15.017506Z  INFO extract_candidates:read_all_files: tailwindcss_oxide::scanner: exit
2026-05-12T14:31:15.017510Z  INFO extract_candidates:extract_css_variables: tailwindcss_oxide::scanner: enter
2026-05-12T14:31:15.017514Z  INFO extract_candidates:extract_css_variables:extract: tailwindcss_oxide::scanner: enter
2026-05-12T14:31:15.017572Z  INFO extract_candidates:extract_css_variables:extract: tailwindcss_oxide::scanner: exit
2026-05-12T14:31:15.017587Z  INFO extract_candidates:extract_css_variables: tailwindcss_oxide::scanner: exit
2026-05-12T14:31:15.017718Z  INFO extract_candidates: tailwindcss_oxide::scanner: exit
2026-05-12T14:31:15.018053Z  INFO get_files: tailwindcss_oxide::scanner: enter
2026-05-12T14:31:15.018061Z  INFO get_files:discover_sources: tailwindcss_oxide::scanner: enter
2026-05-12T14:31:15.018065Z  INFO get_files:discover_sources: tailwindcss_oxide::scanner: exit
2026-05-12T14:31:15.018175Z  INFO get_files: tailwindcss_oxide::scanner: exit
2026-05-12T14:31:15.018512Z  INFO get_globs: tailwindcss_oxide::scanner: enter
2026-05-12T14:31:15.018524Z  INFO get_globs:discover_sources: tailwindcss_oxide::scanner: enter
2026-05-12T14:31:15.018528Z  INFO get_globs:discover_sources: tailwindcss_oxide::scanner: exit
2026-05-12T14:31:15.027277Z  INFO get_globs: tailwindcss_oxide::scanner: exit
