2026-05-12T14:22:08.985802Z  INFO tailwindcss_oxide::scanner: Provided sources:
2026-05-12T14:22:08.985886Z  INFO tailwindcss_oxide::scanner: Source: PublicSourceEntry { base: "C:\\Users\\fifim\\foundation-ocr", pattern: "**/*", negated: false }
2026-05-12T14:22:08.986108Z  INFO tailwindcss_oxide::scanner: Optimized sources:
2026-05-12T14:22:08.986139Z  INFO tailwindcss_oxide::scanner: Source: Auto { base: "C:\\Users\\fifim\\foundation-ocr" }
2026-05-12T14:22:08.987694Z  INFO discover_sources: tailwindcss_oxide::scanner: enter
2026-05-12T14:22:08.987725Z  INFO discover_sources:walk_synchronous: tailwindcss_oxide::scanner: enter
2026-05-12T14:22:08.998019Z  INFO discover_sources:walk_synchronous: tailwindcss_oxide::scanner: exit
2026-05-12T14:22:08.998608Z  INFO tailwindcss_oxide::scanner: Reading "C:\\Users\\fifim\\foundation-ocr\\app\\(main)\\contractors\\new\\page.tsx"
2026-05-12T14:22:08.998616Z  INFO tailwindcss_oxide::scanner: Reading "C:\\Users\\fifim\\foundation-ocr\\lib\\validations.ts"
2026-05-12T14:22:08.998652Z  INFO tailwindcss_oxide::scanner: Reading "C:\\Users\\fifim\\foundation-ocr\\lib\\csv.ts"
2026-05-12T14:22:08.998655Z  INFO tailwindcss_oxide::scanner: Reading "C:\\Users\\fifim\\foundation-ocr\\components\\app-sidebar.tsx"
2026-05-12T14:22:08.998637Z  INFO tailwindcss_oxide::scanner: Reading "C:\\Users\\fifim\\foundation-ocr\\components\\ui\\textarea.tsx"
2026-05-12T14:22:08.998610Z  INFO tailwindcss_oxide::scanner: Reading "C:\\Users\\fifim\\foundation-ocr\\app\\actions\\projects.ts"
2026-05-12T14:22:08.998764Z  INFO tailwindcss_oxide::scanner: Reading "C:\\Users\\fifim\\foundation-ocr\\next.config.ts"
2026-05-12T14:22:08.998776Z  INFO tailwindcss_oxide::scanner: Reading "C:\\Users\\fifim\\foundation-ocr\\lib\\document-history.ts"
2026-05-12T14:22:08.998776Z  INFO tailwindcss_oxide::scanner: Reading "C:\\Users\\fifim\\foundation-ocr\\lib\\auth-client.ts"
2026-05-12T14:22:08.998732Z  INFO tailwindcss_oxide::scanner: Reading "C:\\Users\\fifim\\foundation-ocr\\app\\api\\files\\[...path]\\route.ts"
2026-05-12T14:22:08.998789Z  INFO tailwindcss_oxide::scanner: Reading "C:\\Users\\fifim\\foundation-ocr\\components\\ui\\badge.tsx"
2026-05-12T14:22:08.998828Z  INFO tailwindcss_oxide::scanner: Reading "C:\\Users\\fifim\\foundation-ocr\\app\\api\\auth\\[...all]\\route.ts"
2026-05-12T14:22:08.998840Z  INFO tailwindcss_oxide::scanner: Reading "C:\\Users\\fifim\\foundation-ocr\\eslint.config.mjs"
2026-05-12T14:22:08.998883Z  INFO tailwindcss_oxide::scanner: Reading "C:\\Users\\fifim\\foundation-ocr\\package.json"
2026-05-12T14:22:08.998821Z  INFO tailwindcss_oxide::scanner: Reading "C:\\Users\\fifim\\foundation-ocr\\components.json"
2026-05-12T14:22:08.998919Z  INFO tailwindcss_oxide::scanner: Reading "C:\\Users\\fifim\\foundation-ocr\\app\\layout.tsx"
2026-05-12T14:22:08.998937Z  INFO tailwindcss_oxide::scanner: Reading "C:\\Users\\fifim\\foundation-ocr\\components\\ui\\button.tsx"
2026-05-12T14:22:08.998787Z  INFO tailwindcss_oxide::scanner: Reading "C:\\Users\\fifim\\foundation-ocr\\app\\(main)\\contractors\\page.tsx"
2026-05-12T14:22:08.998913Z  INFO tailwindcss_oxide::scanner: Reading "C:\\Users\\fifim\\foundation-ocr\\app\\api\\documents\\export\\route.ts"
2026-05-12T14:22:08.998884Z  INFO tailwindcss_oxide::scanner: Reading "C:\\Users\\fifim\\foundation-ocr\\lib\\ocr.ts"
2026-05-12T14:22:08.998884Z  INFO tailwindcss_oxide::scanner: Reading "C:\\Users\\fifim\\foundation-ocr\\lib\\auth-server.ts"
2026-05-12T14:22:08.999048Z  INFO tailwindcss_oxide::scanner: Reading "C:\\Users\\fifim\\foundation-ocr\\app\\page.tsx"
2026-05-12T14:22:08.998986Z  INFO tailwindcss_oxide::scanner: Reading "C:\\Users\\fifim\\foundation-ocr\\app\\login\\page.tsx"
2026-05-12T14:22:08.999066Z  INFO tailwindcss_oxide::scanner: Reading "C:\\Users\\fifim\\foundation-ocr\\app\\(main)\\dashboard\\page.tsx"
2026-05-12T14:22:08.999002Z  INFO tailwindcss_oxide::scanner: Reading "C:\\Users\\fifim\\foundation-ocr\\app\\(main)\\projects\\page.tsx"
2026-05-12T14:22:08.999121Z  INFO tailwindcss_oxide::scanner: Reading "C:\\Users\\fifim\\foundation-ocr\\app\\(main)\\documents\\page.tsx"
2026-05-12T14:22:08.999198Z  INFO tailwindcss_oxide::scanner: Reading "C:\\Users\\fifim\\foundation-ocr\\app\\(main)\\documents\\new\\page.tsx"
2026-05-12T14:22:08.999078Z  INFO tailwindcss_oxide::scanner: Reading "C:\\Users\\fifim\\foundation-ocr\\proxy.ts"
2026-05-12T14:22:08.998990Z  INFO tailwindcss_oxide::scanner: Reading "C:\\Users\\fifim\\foundation-ocr\\app\\(main)\\documents\\[id]\\verify\\page.tsx"
2026-05-12T14:22:08.999103Z  INFO tailwindcss_oxide::scanner: Reading "C:\\Users\\fifim\\foundation-ocr\\components\\ui\\card.tsx"
2026-05-12T14:22:08.999061Z  INFO tailwindcss_oxide::scanner: Reading "C:\\Users\\fifim\\foundation-ocr\\postcss.config.mjs"
2026-05-12T14:22:08.999296Z  INFO tailwindcss_oxide::scanner: Reading "C:\\Users\\fifim\\foundation-ocr\\app\\(main)\\documents\\[id]\\page.tsx"
2026-05-12T14:22:08.999128Z  INFO tailwindcss_oxide::scanner: Reading "C:\\Users\\fifim\\foundation-ocr\\public\\vercel.svg"
2026-05-12T14:22:08.999326Z  INFO tailwindcss_oxide::scanner: Reading "C:\\Users\\fifim\\foundation-ocr\\public\\globe.svg"
2026-05-12T14:22:08.999343Z  INFO tailwindcss_oxide::scanner: Reading "C:\\Users\\fifim\\foundation-ocr\\public\\file.svg"
2026-05-12T14:22:08.999164Z  INFO tailwindcss_oxide::scanner: Reading "C:\\Users\\fifim\\foundation-ocr\\lib\\constants.ts"
2026-05-12T14:22:08.999372Z  INFO tailwindcss_oxide::scanner: Reading "C:\\Users\\fifim\\foundation-ocr\\lib\\uploads.ts"
2026-05-12T14:22:08.999390Z  INFO tailwindcss_oxide::scanner: Reading "C:\\Users\\fifim\\foundation-ocr\\components\\ui\\input.tsx"
2026-05-12T14:22:08.999406Z  INFO tailwindcss_oxide::scanner: Reading "C:\\Users\\fifim\\foundation-ocr\\prisma\\schema.prisma"
2026-05-12T14:22:08.999236Z  INFO tailwindcss_oxide::scanner: Reading "C:\\Users\\fifim\\foundation-ocr\\app\\(main)\\projects\\[id]\\page.tsx"
2026-05-12T14:22:08.999290Z  INFO tailwindcss_oxide::scanner: Reading "C:\\Users\\fifim\\foundation-ocr\\app\\(main)\\layout.tsx"
2026-05-12T14:22:08.999431Z  INFO tailwindcss_oxide::scanner: Reading "C:\\Users\\fifim\\foundation-ocr\\public\\window.svg"
2026-05-12T14:22:08.999143Z  INFO tailwindcss_oxide::scanner: Reading "C:\\Users\\fifim\\foundation-ocr\\lib\\auth.ts"
2026-05-12T14:22:08.999129Z  INFO tailwindcss_oxide::scanner: Reading "C:\\Users\\fifim\\foundation-ocr\\app\\(main)\\contractors\\[id]\\page.tsx"
2026-05-12T14:22:08.999407Z  INFO tailwindcss_oxide::scanner: Reading "C:\\Users\\fifim\\foundation-ocr\\lib\\utils.ts"
2026-05-12T14:22:08.999143Z  INFO tailwindcss_oxide::scanner: Reading "C:\\Users\\fifim\\foundation-ocr\\lib\\parse-invoice.ts"
2026-05-12T14:22:08.999164Z  INFO tailwindcss_oxide::scanner: Reading "C:\\Users\\fifim\\foundation-ocr\\prisma\\seed.ts"
2026-05-12T14:22:08.999493Z  INFO tailwindcss_oxide::scanner: Reading "C:\\Users\\fifim\\foundation-ocr\\components\\ui\\label.tsx"
2026-05-12T14:22:08.999456Z  INFO tailwindcss_oxide::scanner: Reading "C:\\Users\\fifim\\foundation-ocr\\app\\actions\\documents.ts"
2026-05-12T14:22:08.999444Z  INFO tailwindcss_oxide::scanner: Reading "C:\\Users\\fifim\\foundation-ocr\\public\\next.svg"
2026-05-12T14:22:08.999407Z  INFO tailwindcss_oxide::scanner: Reading "C:\\Users\\fifim\\foundation-ocr\\app\\actions\\contractors.ts"
2026-05-12T14:22:08.999532Z  INFO tailwindcss_oxide::scanner: Reading "C:\\Users\\fifim\\foundation-ocr\\app\\(main)\\projects\\new\\page.tsx"
2026-05-12T14:22:08.999444Z  INFO tailwindcss_oxide::scanner: Reading "C:\\Users\\fifim\\foundation-ocr\\prisma.config.ts"
2026-05-12T14:22:08.999553Z  INFO tailwindcss_oxide::scanner: Reading "C:\\Users\\fifim\\foundation-ocr\\components\\ui\\table.tsx"
2026-05-12T14:22:08.999506Z  INFO tailwindcss_oxide::scanner: Reading "C:\\Users\\fifim\\foundation-ocr\\README.md"
2026-05-12T14:22:08.999537Z  INFO tailwindcss_oxide::scanner: Reading "C:\\Users\\fifim\\foundation-ocr\\tsconfig.json"
2026-05-12T14:22:08.999491Z  INFO tailwindcss_oxide::scanner: Reading "C:\\Users\\fifim\\foundation-ocr\\lib\\prisma.ts"
2026-05-12T14:22:08.999655Z  INFO discover_sources: tailwindcss_oxide::scanner: exit
2026-05-12T14:22:08.999704Z  INFO extract_candidates: tailwindcss_oxide::scanner: enter
2026-05-12T14:22:08.999711Z  INFO extract_candidates:parse_all_blobs: tailwindcss_oxide::scanner: enter
2026-05-12T14:22:08.999717Z  INFO extract_candidates:parse_all_blobs:extract: tailwindcss_oxide::scanner: enter
2026-05-12T14:22:09.000449Z  INFO extract_candidates:parse_all_blobs:extract: tailwindcss_oxide::scanner: exit
2026-05-12T14:22:09.000470Z  INFO extract_candidates:parse_all_blobs: tailwindcss_oxide::scanner: exit
2026-05-12T14:22:09.000479Z  INFO extract_candidates:read_all_files: tailwindcss_oxide::scanner: enter
2026-05-12T14:22:09.000483Z  INFO extract_candidates:read_all_files: tailwindcss_oxide::scanner: Reading 1 file(s)
2026-05-12T14:22:09.000572Z  INFO extract_candidates:read_all_files: tailwindcss_oxide::scanner: Reading "C:\\Users\\fifim\\foundation-ocr\\app\\globals.css"
2026-05-12T14:22:09.000582Z  INFO extract_candidates:read_all_files: tailwindcss_oxide::scanner: exit
2026-05-12T14:22:09.000587Z  INFO extract_candidates:extract_css_variables: tailwindcss_oxide::scanner: enter
2026-05-12T14:22:09.000591Z  INFO extract_candidates:extract_css_variables:extract: tailwindcss_oxide::scanner: enter
2026-05-12T14:22:09.000663Z  INFO extract_candidates:extract_css_variables:extract: tailwindcss_oxide::scanner: exit
2026-05-12T14:22:09.000678Z  INFO extract_candidates:extract_css_variables: tailwindcss_oxide::scanner: exit
2026-05-12T14:22:09.001013Z  INFO extract_candidates: tailwindcss_oxide::scanner: exit
2026-05-12T14:22:09.001348Z  INFO get_files: tailwindcss_oxide::scanner: enter
2026-05-12T14:22:09.001356Z  INFO get_files:discover_sources: tailwindcss_oxide::scanner: enter
2026-05-12T14:22:09.001360Z  INFO get_files:discover_sources: tailwindcss_oxide::scanner: exit
2026-05-12T14:22:09.001517Z  INFO get_files: tailwindcss_oxide::scanner: exit
2026-05-12T14:22:09.001829Z  INFO get_globs: tailwindcss_oxide::scanner: enter
2026-05-12T14:22:09.001838Z  INFO get_globs:discover_sources: tailwindcss_oxide::scanner: enter
2026-05-12T14:22:09.001842Z  INFO get_globs:discover_sources: tailwindcss_oxide::scanner: exit
2026-05-12T14:22:09.011194Z  INFO get_globs: tailwindcss_oxide::scanner: exit
