2026-05-12T14:25:35.349525Z  INFO tailwindcss_oxide::scanner: Provided sources:
2026-05-12T14:25:35.349653Z  INFO tailwindcss_oxide::scanner: Source: PublicSourceEntry { base: "C:\\Users\\fifim\\foundation-ocr", pattern: "**/*", negated: false }
2026-05-12T14:25:35.349889Z  INFO tailwindcss_oxide::scanner: Optimized sources:
2026-05-12T14:25:35.349923Z  INFO tailwindcss_oxide::scanner: Source: Auto { base: "C:\\Users\\fifim\\foundation-ocr" }
2026-05-12T14:25:35.351864Z  INFO discover_sources: tailwindcss_oxide::scanner: enter
2026-05-12T14:25:35.351907Z  INFO discover_sources:walk_synchronous: tailwindcss_oxide::scanner: enter
2026-05-12T14:25:35.362353Z  INFO discover_sources:walk_synchronous: tailwindcss_oxide::scanner: exit
2026-05-12T14:25:35.362956Z  INFO tailwindcss_oxide::scanner: Reading "C:\\Users\\fifim\\foundation-ocr\\lib\\validations.ts"
2026-05-12T14:25:35.362971Z  INFO tailwindcss_oxide::scanner: Reading "C:\\Users\\fifim\\foundation-ocr\\proxy.ts"
2026-05-12T14:25:35.362983Z  INFO tailwindcss_oxide::scanner: Reading "C:\\Users\\fifim\\foundation-ocr\\app\\(main)\\documents\\[id]\\verify\\page.tsx"
2026-05-12T14:25:35.362947Z  INFO tailwindcss_oxide::scanner: Reading "C:\\Users\\fifim\\foundation-ocr\\app\\(main)\\contractors\\new\\page.tsx"
2026-05-12T14:25:35.362983Z  INFO tailwindcss_oxide::scanner: Reading "C:\\Users\\fifim\\foundation-ocr\\app\\actions\\projects.ts"
2026-05-12T14:25:35.362970Z  INFO tailwindcss_oxide::scanner: Reading "C:\\Users\\fifim\\foundation-ocr\\components\\ui\\textarea.tsx"
2026-05-12T14:25:35.363076Z  INFO tailwindcss_oxide::scanner: Reading "C:\\Users\\fifim\\foundation-ocr\\public\\vercel.svg"
2026-05-12T14:25:35.363113Z  INFO tailwindcss_oxide::scanner: Reading "C:\\Users\\fifim\\foundation-ocr\\public\\file.svg"
2026-05-12T14:25:35.363113Z  INFO tailwindcss_oxide::scanner: Reading "C:\\Users\\fifim\\foundation-ocr\\postcss.config.mjs"
2026-05-12T14:25:35.363107Z  INFO tailwindcss_oxide::scanner: Reading "C:\\Users\\fifim\\foundation-ocr\\next.config.ts"
2026-05-12T14:25:35.363159Z  INFO tailwindcss_oxide::scanner: Reading "C:\\Users\\fifim\\foundation-ocr\\app\\(main)\\layout.tsx"
2026-05-12T14:25:35.363192Z  INFO tailwindcss_oxide::scanner: Reading "C:\\Users\\fifim\\foundation-ocr\\app\\(main)\\contractors\\page.tsx"
2026-05-12T14:25:35.363228Z  INFO tailwindcss_oxide::scanner: Reading "C:\\Users\\fifim\\foundation-ocr\\app\\api\\auth\\[...all]\\route.ts"
2026-05-12T14:25:35.363237Z  INFO tailwindcss_oxide::scanner: Reading "C:\\Users\\fifim\\foundation-ocr\\public\\window.svg"
2026-05-12T14:25:35.363252Z  INFO tailwindcss_oxide::scanner: Reading "C:\\Users\\fifim\\foundation-ocr\\prisma\\schema.prisma"
2026-05-12T14:25:35.363233Z  INFO tailwindcss_oxide::scanner: Reading "C:\\Users\\fifim\\foundation-ocr\\components.json"
2026-05-12T14:25:35.363286Z  INFO tailwindcss_oxide::scanner: Reading "C:\\Users\\fifim\\foundation-ocr\\public\\next.svg"
2026-05-12T14:25:35.363252Z  INFO tailwindcss_oxide::scanner: Reading "C:\\Users\\fifim\\foundation-ocr\\public\\globe.svg"
2026-05-12T14:25:35.363301Z  INFO tailwindcss_oxide::scanner: Reading "C:\\Users\\fifim\\foundation-ocr\\package.json"
2026-05-12T14:25:35.363339Z  INFO tailwindcss_oxide::scanner: Reading "C:\\Users\\fifim\\foundation-ocr\\app\\(main)\\contractors\\[id]\\page.tsx"
2026-05-12T14:25:35.363339Z  INFO tailwindcss_oxide::scanner: Reading "C:\\Users\\fifim\\foundation-ocr\\app\\(main)\\projects\\page.tsx"
2026-05-12T14:25:35.363225Z  INFO tailwindcss_oxide::scanner: Reading "C:\\Users\\fifim\\foundation-ocr\\lib\\csv.ts"
2026-05-12T14:25:35.363391Z  INFO tailwindcss_oxide::scanner: Reading "C:\\Users\\fifim\\foundation-ocr\\app\\actions\\contractors.ts"
2026-05-12T14:25:35.363408Z  INFO tailwindcss_oxide::scanner: Reading "C:\\Users\\fifim\\foundation-ocr\\prisma\\seed.ts"
2026-05-12T14:25:35.363421Z  INFO tailwindcss_oxide::scanner: Reading "C:\\Users\\fifim\\foundation-ocr\\README.md"
2026-05-12T14:25:35.363450Z  INFO tailwindcss_oxide::scanner: Reading "C:\\Users\\fifim\\foundation-ocr\\lib\\auth-client.ts"
2026-05-12T14:25:35.363397Z  INFO tailwindcss_oxide::scanner: Reading "C:\\Users\\fifim\\foundation-ocr\\app\\(main)\\projects\\new\\page.tsx"
2026-05-12T14:25:35.363443Z  INFO tailwindcss_oxide::scanner: Reading "C:\\Users\\fifim\\foundation-ocr\\app\\actions\\documents.ts"
2026-05-12T14:25:35.363543Z  INFO tailwindcss_oxide::scanner: Reading "C:\\Users\\fifim\\foundation-ocr\\lib\\document-history.ts"
2026-05-12T14:25:35.363564Z  INFO tailwindcss_oxide::scanner: Reading "C:\\Users\\fifim\\foundation-ocr\\prisma.config.ts"
2026-05-12T14:25:35.363435Z  INFO tailwindcss_oxide::scanner: Reading "C:\\Users\\fifim\\foundation-ocr\\eslint.config.mjs"
2026-05-12T14:25:35.363476Z  INFO tailwindcss_oxide::scanner: Reading "C:\\Users\\fifim\\foundation-ocr\\app\\(main)\\projects\\[id]\\page.tsx"
2026-05-12T14:25:35.363466Z  INFO tailwindcss_oxide::scanner: Reading "C:\\Users\\fifim\\foundation-ocr\\app\\(main)\\dashboard\\page.tsx"
2026-05-12T14:25:35.363657Z  INFO tailwindcss_oxide::scanner: Reading "C:\\Users\\fifim\\foundation-ocr\\tsconfig.json"
2026-05-12T14:25:35.363410Z  INFO tailwindcss_oxide::scanner: Reading "C:\\Users\\fifim\\foundation-ocr\\app\\api\\documents\\export\\route.ts"
2026-05-12T14:25:35.363683Z  INFO tailwindcss_oxide::scanner: Reading "C:\\Users\\fifim\\foundation-ocr\\app\\(main)\\documents\\page.tsx"
2026-05-12T14:25:35.363703Z  INFO tailwindcss_oxide::scanner: Reading "C:\\Users\\fifim\\foundation-ocr\\app\\(main)\\documents\\new\\page.tsx"
2026-05-12T14:25:35.363716Z  INFO tailwindcss_oxide::scanner: Reading "C:\\Users\\fifim\\foundation-ocr\\app\\(main)\\documents\\[id]\\page.tsx"
2026-05-12T14:25:35.363614Z  INFO tailwindcss_oxide::scanner: Reading "C:\\Users\\fifim\\foundation-ocr\\lib\\auth-server.ts"
2026-05-12T14:25:35.363745Z  INFO tailwindcss_oxide::scanner: Reading "C:\\Users\\fifim\\foundation-ocr\\app\\page.tsx"
2026-05-12T14:25:35.363744Z  INFO tailwindcss_oxide::scanner: Reading "C:\\Users\\fifim\\foundation-ocr\\lib\\auth.ts"
2026-05-12T14:25:35.363745Z  INFO tailwindcss_oxide::scanner: Reading "C:\\Users\\fifim\\foundation-ocr\\lib\\uploads.ts"
2026-05-12T14:25:35.363470Z  INFO tailwindcss_oxide::scanner: Reading "C:\\Users\\fifim\\foundation-ocr\\lib\\parse-invoice.ts"
2026-05-12T14:25:35.363552Z  INFO tailwindcss_oxide::scanner: Reading "C:\\Users\\fifim\\foundation-ocr\\components\\app-sidebar.tsx"
2026-05-12T14:25:35.363810Z  INFO tailwindcss_oxide::scanner: Reading "C:\\Users\\fifim\\foundation-ocr\\lib\\utils.ts"
2026-05-12T14:25:35.363827Z  INFO tailwindcss_oxide::scanner: Reading "C:\\Users\\fifim\\foundation-ocr\\components\\ui\\label.tsx"
2026-05-12T14:25:35.363805Z  INFO tailwindcss_oxide::scanner: Reading "C:\\Users\\fifim\\foundation-ocr\\lib\\prisma.ts"
2026-05-12T14:25:35.363859Z  INFO tailwindcss_oxide::scanner: Reading "C:\\Users\\fifim\\foundation-ocr\\components\\ui\\table.tsx"
2026-05-12T14:25:35.363876Z  INFO tailwindcss_oxide::scanner: Reading "C:\\Users\\fifim\\foundation-ocr\\components\\ui\\button.tsx"
2026-05-12T14:25:35.363578Z  INFO tailwindcss_oxide::scanner: Reading "C:\\Users\\fifim\\foundation-ocr\\app\\api\\files\\[...path]\\route.ts"
2026-05-12T14:25:35.363892Z  INFO tailwindcss_oxide::scanner: Reading "C:\\Users\\fifim\\foundation-ocr\\components\\ui\\badge.tsx"
2026-05-12T14:25:35.363735Z  INFO tailwindcss_oxide::scanner: Reading "C:\\Users\\fifim\\foundation-ocr\\app\\login\\page.tsx"
2026-05-12T14:25:35.363862Z  INFO tailwindcss_oxide::scanner: Reading "C:\\Users\\fifim\\foundation-ocr\\components\\ui\\card.tsx"
2026-05-12T14:25:35.363755Z  INFO tailwindcss_oxide::scanner: Reading "C:\\Users\\fifim\\foundation-ocr\\app\\layout.tsx"
2026-05-12T14:25:35.363661Z  INFO tailwindcss_oxide::scanner: Reading "C:\\Users\\fifim\\foundation-ocr\\lib\\ocr.ts"
2026-05-12T14:25:35.363903Z  INFO tailwindcss_oxide::scanner: Reading "C:\\Users\\fifim\\foundation-ocr\\components\\ui\\input.tsx"
2026-05-12T14:25:35.363876Z  INFO tailwindcss_oxide::scanner: Reading "C:\\Users\\fifim\\foundation-ocr\\lib\\constants.ts"
2026-05-12T14:25:35.364036Z  INFO discover_sources: tailwindcss_oxide::scanner: exit
2026-05-12T14:25:35.364079Z  INFO extract_candidates: tailwindcss_oxide::scanner: enter
2026-05-12T14:25:35.364087Z  INFO extract_candidates:parse_all_blobs: tailwindcss_oxide::scanner: enter
2026-05-12T14:25:35.364093Z  INFO extract_candidates:parse_all_blobs:extract: tailwindcss_oxide::scanner: enter
2026-05-12T14:25:35.364697Z  INFO extract_candidates:parse_all_blobs:extract: tailwindcss_oxide::scanner: exit
2026-05-12T14:25:35.364716Z  INFO extract_candidates:parse_all_blobs: tailwindcss_oxide::scanner: exit
2026-05-12T14:25:35.364724Z  INFO extract_candidates:read_all_files: tailwindcss_oxide::scanner: enter
2026-05-12T14:25:35.364728Z  INFO extract_candidates:read_all_files: tailwindcss_oxide::scanner: Reading 1 file(s)
2026-05-12T14:25:35.364819Z  INFO extract_candidates:read_all_files: tailwindcss_oxide::scanner: Reading "C:\\Users\\fifim\\foundation-ocr\\app\\globals.css"
2026-05-12T14:25:35.364829Z  INFO extract_candidates:read_all_files: tailwindcss_oxide::scanner: exit
2026-05-12T14:25:35.364833Z  INFO extract_candidates:extract_css_variables: tailwindcss_oxide::scanner: enter
2026-05-12T14:25:35.364837Z  INFO extract_candidates:extract_css_variables:extract: tailwindcss_oxide::scanner: enter
2026-05-12T14:25:35.364896Z  INFO extract_candidates:extract_css_variables:extract: tailwindcss_oxide::scanner: exit
2026-05-12T14:25:35.364911Z  INFO extract_candidates:extract_css_variables: tailwindcss_oxide::scanner: exit
2026-05-12T14:25:35.365043Z  INFO extract_candidates: tailwindcss_oxide::scanner: exit
2026-05-12T14:25:35.365365Z  INFO get_files: tailwindcss_oxide::scanner: enter
2026-05-12T14:25:35.365373Z  INFO get_files:discover_sources: tailwindcss_oxide::scanner: enter
2026-05-12T14:25:35.365377Z  INFO get_files:discover_sources: tailwindcss_oxide::scanner: exit
2026-05-12T14:25:35.365462Z  INFO get_files: tailwindcss_oxide::scanner: exit
2026-05-12T14:25:35.365855Z  INFO get_globs: tailwindcss_oxide::scanner: enter
2026-05-12T14:25:35.365867Z  INFO get_globs:discover_sources: tailwindcss_oxide::scanner: enter
2026-05-12T14:25:35.365872Z  INFO get_globs:discover_sources: tailwindcss_oxide::scanner: exit
2026-05-12T14:25:35.374931Z  INFO get_globs: tailwindcss_oxide::scanner: exit
